[2022-04-21T20:12:44.591] [DEBUG] cheese - login => username:zs,password:123456
[2022-04-21T20:12:44.593] [DEBUG] cheese - zs
[2022-04-21T20:12:44.598] [DEBUG] cheese - null
[2022-04-21T20:12:44.599] [DEBUG] cheese - null
[2022-04-21T20:13:23.784] [DEBUG] cheese - login => username:admin,password:123456
[2022-04-21T20:13:23.784] [DEBUG] cheese - admin
[2022-04-21T20:13:23.788] [DEBUG] cheese - null
[2022-04-21T20:13:23.788] [DEBUG] cheese - null
[2022-04-25T21:57:02.587] [DEBUG] cheese - login => username:111,password:1111111
[2022-04-25T21:57:02.588] [DEBUG] cheese - 111
[2022-04-25T21:57:02.601] [DEBUG] cheese - null
[2022-04-25T21:57:02.601] [DEBUG] cheese - null
[2022-04-25T21:58:02.439] [DEBUG] cheese - login => username:111,password:111111
[2022-04-25T21:58:02.440] [DEBUG] cheese - 111
[2022-04-25T21:58:02.442] [DEBUG] cheese - null
[2022-04-25T21:58:02.442] [DEBUG] cheese - null
[2022-04-25T22:00:10.660] [DEBUG] cheese - login => username:1111,password:1111111
[2022-04-25T22:00:10.660] [DEBUG] cheese - 1111
[2022-04-25T22:00:10.661] [DEBUG] cheese - null
[2022-04-25T22:00:10.662] [DEBUG] cheese - null
[2022-04-25T22:00:26.530] [DEBUG] cheese - login => username:admin,password:123456
[2022-04-25T22:00:26.531] [DEBUG] cheese - admin
[2022-04-25T22:00:26.534] [DEBUG] cheese - null
[2022-04-25T22:00:26.534] [DEBUG] cheese - null
[2022-04-25T22:07:15.544] [DEBUG] cheese - login => username:111,password:11111111
[2022-04-25T22:07:15.544] [DEBUG] cheese - 111
[2022-04-25T22:07:15.546] [DEBUG] cheese - null
[2022-04-25T22:07:15.546] [DEBUG] cheese - null
[2022-04-25T22:07:23.627] [DEBUG] cheese - login => username:admin,password:123456
[2022-04-25T22:07:23.627] [DEBUG] cheese - admin
[2022-04-25T22:07:23.628] [DEBUG] cheese - null
[2022-04-25T22:07:23.628] [DEBUG] cheese - null
[2022-04-25T22:16:50.096] [DEBUG] cheese - login => username:admin,password:123456
[2022-04-25T22:16:50.096] [DEBUG] cheese - admin
[2022-04-25T22:16:50.098] [DEBUG] cheese - null
[2022-04-25T22:16:50.098] [DEBUG] cheese - null
[2022-04-25T22:19:51.620] [DEBUG] cheese - login => username:admin,password:123456
[2022-04-25T22:19:51.621] [DEBUG] cheese - admin
[2022-04-25T22:19:51.622] [DEBUG] cheese - null
[2022-04-25T22:19:51.623] [DEBUG] cheese - null
[2022-04-28T19:05:35.133] [DEBUG] cheese - login => username:admin,password:123456
[2022-04-28T19:05:35.133] [DEBUG] cheese - admin
[2022-04-28T19:05:35.143] [DEBUG] cheese - null
[2022-04-28T19:05:35.143] [DEBUG] cheese - null
[2022-04-28T19:21:04.267] [DEBUG] cheese - login => username:admin,password:123456
[2022-04-28T19:21:04.267] [DEBUG] cheese - admin
[2022-04-28T19:21:04.269] [DEBUG] cheese - null
[2022-04-28T19:21:04.269] [DEBUG] cheese - null
[2022-04-28T19:21:21.381] [DEBUG] cheese - login => username:admin,password:123456
[2022-04-28T19:21:21.381] [DEBUG] cheese - admin
[2022-04-28T19:21:21.383] [DEBUG] cheese - null
[2022-04-28T19:21:21.383] [DEBUG] cheese - null
[2022-04-28T19:22:00.302] [DEBUG] cheese - login => username:admin,password:123456
[2022-04-28T19:22:00.302] [DEBUG] cheese - admin
[2022-04-28T19:22:00.304] [DEBUG] cheese - null
[2022-04-28T19:22:00.304] [DEBUG] cheese - null
[2022-04-28T19:24:20.561] [DEBUG] cheese - login => username:admin,password:123456
[2022-04-28T19:24:20.562] [DEBUG] cheese - admin
[2022-04-28T19:24:20.563] [DEBUG] cheese - null
[2022-04-28T19:24:20.563] [DEBUG] cheese - null
[2022-04-28T19:27:05.139] [DEBUG] cheese - login => username:admin,password:123456
[2022-04-28T19:27:05.139] [DEBUG] cheese - admin
[2022-04-28T19:27:05.140] [DEBUG] cheese - null
[2022-04-28T19:27:05.140] [DEBUG] cheese - null
[2022-04-28T19:27:10.518] [DEBUG] cheese - login => username:admin,password:123456
[2022-04-28T19:27:10.518] [DEBUG] cheese - admin
[2022-04-28T19:27:10.519] [DEBUG] cheese - null
[2022-04-28T19:27:10.519] [DEBUG] cheese - null
[2022-04-28T20:14:14.378] [DEBUG] cheese - login => username:admin,password:123456
[2022-04-28T20:14:14.378] [DEBUG] cheese - admin
[2022-04-28T20:14:14.380] [DEBUG] cheese - null
[2022-04-28T20:14:14.380] [DEBUG] cheese - null
[2022-04-28T20:22:02.007] [DEBUG] cheese - login => username:admin,password:123456
[2022-04-28T20:22:02.007] [DEBUG] cheese - admin
[2022-04-28T20:22:02.009] [DEBUG] cheese - null
[2022-04-28T20:22:02.009] [DEBUG] cheese - null
[2022-04-30T14:57:23.123] [DEBUG] cheese - login => username:admin,password:123456
[2022-04-30T14:57:23.124] [DEBUG] cheese - admin
[2022-04-30T14:57:23.138] [DEBUG] cheese - null
[2022-04-30T14:57:23.138] [DEBUG] cheese - null
[2022-04-30T14:59:41.721] [DEBUG] cheese - login => username:admin,password:123456
[2022-04-30T14:59:41.721] [DEBUG] cheese - admin
[2022-04-30T14:59:41.723] [DEBUG] cheese - null
[2022-04-30T14:59:41.723] [DEBUG] cheese - null
[2022-04-30T14:59:49.746] [DEBUG] cheese - login => username:admin,password:123456
[2022-04-30T14:59:49.746] [DEBUG] cheese - admin
[2022-04-30T14:59:49.748] [DEBUG] cheese - null
[2022-04-30T14:59:49.748] [DEBUG] cheese - null
[2022-04-30T14:59:53.559] [DEBUG] cheese - login => username:admin,password:123456
[2022-04-30T14:59:53.559] [DEBUG] cheese - admin
[2022-04-30T14:59:53.561] [DEBUG] cheese - null
[2022-04-30T14:59:53.561] [DEBUG] cheese - null
[2022-04-30T15:43:08.344] [DEBUG] cheese - login => username:admin,password:123456
[2022-04-30T15:43:08.344] [DEBUG] cheese - admin
[2022-04-30T15:43:08.346] [DEBUG] cheese - null
[2022-04-30T15:43:08.346] [DEBUG] cheese - null
[2022-04-30T16:58:23.012] [DEBUG] cheese - login => username:admin,password:123456
[2022-04-30T16:58:23.012] [DEBUG] cheese - admin
[2022-04-30T16:58:23.014] [DEBUG] cheese - null
[2022-04-30T16:58:23.014] [DEBUG] cheese - null
[2022-04-30T17:03:48.364] [DEBUG] cheese - login => username:admin,password:123456
[2022-04-30T17:03:48.364] [DEBUG] cheese - admin
[2022-04-30T17:03:48.365] [DEBUG] cheese - null
[2022-04-30T17:03:48.365] [DEBUG] cheese - null
[2022-05-01T16:40:39.788] [DEBUG] cheese - login => username:admin,password:123456
[2022-05-01T16:40:39.788] [DEBUG] cheese - admin
[2022-05-01T16:40:39.802] [DEBUG] cheese - null
[2022-05-01T16:40:39.803] [DEBUG] cheese - null
[2022-05-01T16:42:04.432] [DEBUG] cheese - login => username:admin,password:123456
[2022-05-01T16:42:04.432] [DEBUG] cheese - admin
[2022-05-01T16:42:04.435] [DEBUG] cheese - null
[2022-05-01T16:42:04.435] [DEBUG] cheese - null
[2022-05-01T16:51:11.971] [DEBUG] cheese - login => username:admin,password:123456
[2022-05-01T16:51:11.971] [DEBUG] cheese - admin
[2022-05-01T16:51:11.974] [DEBUG] cheese - null
[2022-05-01T16:51:11.974] [DEBUG] cheese - null
[2022-05-01T16:52:50.838] [DEBUG] cheese - login => username:admin,password:123456
[2022-05-01T16:52:50.838] [DEBUG] cheese - admin
[2022-05-01T16:52:50.839] [DEBUG] cheese - null
[2022-05-01T16:52:50.839] [DEBUG] cheese - null
[2022-05-01T16:53:14.404] [DEBUG] cheese - login => username:admin,password:123456
[2022-05-01T16:53:14.404] [DEBUG] cheese - admin
[2022-05-01T16:53:14.406] [DEBUG] cheese - null
[2022-05-01T16:53:14.406] [DEBUG] cheese - null
[2022-05-01T16:54:42.785] [DEBUG] cheese - login => username:admin,password:123456
[2022-05-01T16:54:42.785] [DEBUG] cheese - admin
[2022-05-01T16:54:42.787] [DEBUG] cheese - null
[2022-05-01T16:54:42.787] [DEBUG] cheese - null
[2022-05-01T16:55:27.909] [DEBUG] cheese - login => username:admin,password:123456
[2022-05-01T16:55:27.909] [DEBUG] cheese - admin
[2022-05-01T16:55:27.911] [DEBUG] cheese - null
[2022-05-01T16:55:27.911] [DEBUG] cheese - null
[2022-05-01T17:01:20.489] [DEBUG] cheese - login => username:admin,password:123456
[2022-05-01T17:01:20.489] [DEBUG] cheese - admin
[2022-05-01T17:01:20.491] [DEBUG] cheese - null
[2022-05-01T17:01:20.491] [DEBUG] cheese - null
[2022-05-01T17:01:51.409] [DEBUG] cheese - login => username:admin,password:123456
[2022-05-01T17:01:51.409] [DEBUG] cheese - admin
[2022-05-01T17:01:51.411] [DEBUG] cheese - null
[2022-05-01T17:01:51.411] [DEBUG] cheese - null
[2022-05-07T10:56:12.613] [DEBUG] cheese - login => username:admin,password:123456
[2022-05-07T10:56:12.614] [DEBUG] cheese - admin
[2022-05-07T10:56:12.618] [DEBUG] cheese - null
[2022-05-07T10:56:12.619] [DEBUG] cheese - null
[2022-05-27T15:23:13.959] [DEBUG] cheese - login => username:admin,password:123456
[2022-05-27T15:23:13.960] [DEBUG] cheese - admin
[2022-05-27T15:23:13.964] [DEBUG] cheese - null
[2022-05-27T15:23:13.964] [DEBUG] cheese - null
[2022-05-27T16:48:43.798] [DEBUG] cheese - null
[2022-05-30T11:36:28.341] [DEBUG] cheese - login => username:admin,password:123456
[2022-05-30T11:36:28.342] [DEBUG] cheese - admin
[2022-05-30T11:36:28.358] [DEBUG] cheese - null
[2022-05-30T11:36:28.358] [DEBUG] cheese - null
[2022-05-30T13:23:12.188] [DEBUG] cheese - login => username:admin,password:123456
[2022-05-30T13:23:12.189] [DEBUG] cheese - admin
[2022-05-30T13:23:12.197] [DEBUG] cheese - null
[2022-05-30T13:23:12.197] [DEBUG] cheese - null
